<?xml version="1.0" encoding="UTF-8"?>
<testng-results skipped="0" failed="0" ignored="0" total="1" passed="1">
  <reporter-output>
  </reporter-output>
  <suite name="Default suite" duration-ms="26213" started-at="2020-05-05T07:33:06Z" finished-at="2020-05-05T07:33:32Z">
    <groups>
    </groups>
    <test name="Default test" duration-ms="26213" started-at="2020-05-05T07:33:06Z" finished-at="2020-05-05T07:33:32Z">
      <class name="pageFactoryWithoutFindBy.LoginWithoutFindBy">
        <test-method status="PASS" signature="login()[pri:0, instance:pageFactoryWithoutFindBy.LoginWithoutFindBy@685cb137]" name="login" duration-ms="26188" started-at="2020-05-05T13:03:06Z" finished-at="2020-05-05T13:03:32Z">
          <reporter-output>
          </reporter-output>
        </test-method> <!-- login -->
      </class> <!-- pageFactoryWithoutFindBy.LoginWithoutFindBy -->
    </test> <!-- Default test -->
  </suite> <!-- Default suite -->
</testng-results>
